<?xml version="1.0" encoding="UTF-8"?>
<!-- Generated by org.testng.reporters.JUnitReportReporter -->
<testsuite hostname="Ahmads-MacBook-Pro.local" failures="0" tests="2" name="com.noorteck.qa.tests.HomePageTest" time="12.918" errors="0" timestamp="2019-12-28T14:05:45 EST" skipped="0">
  <testcase classname="com.noorteck.qa.tests.HomePageTest" name="homePageUserNameTest" time="6.515"/>
  <testcase classname="com.noorteck.qa.tests.HomePageTest" name="homePageTitleTest" time="6.403"/>
</testsuite> <!-- com.noorteck.qa.tests.HomePageTest -->
