<?xml version="1.0" encoding="UTF-8"?>
<!-- Generated by org.testng.reporters.JUnitReportReporter -->
<testsuite hostname="Ahmads-MacBook-Pro.local" failures="0" tests="5" name="com.noorteck.qa.tests.CampaingsPageTest" time="40.538" errors="0" timestamp="2020-01-02T17:43:41 EST" skipped="0">
  <testcase classname="com.noorteck.qa.tests.CampaingsPageTest" name="campaingsPageCreateEmailMessage" time="7.911"/>
  <testcase classname="com.noorteck.qa.tests.CampaingsPageTest" name="campaingsPageRemoveSmSMessage" time="9.292"/>
  <testcase classname="com.noorteck.qa.tests.CampaingsPageTest" name="campaingsPageCreateSmSMessage" time="7.813"/>
  <testcase classname="com.noorteck.qa.tests.CampaingsPageTest" name="campainsPageHeaderTest" time="7.439"/>
  <testcase classname="com.noorteck.qa.tests.CampaingsPageTest" name="campaingsPageRemoveEmailMessage" time="8.083"/>
</testsuite> <!-- com.noorteck.qa.tests.CampaingsPageTest -->
